// 重构日志: d1f4282b
// 重构日志: ff6cdef3
// 重构日志: 24af603a
// 同步 ID: c99f3d92 @ Mon Jun 29 14:57:33 UTC 2026
// 同步 ID: 33d9ae66 @ Sun Jul  5 15:58:04 UTC 2026
// 重构日志: 220fc453
// 同步 ID: 16b1c0c3 @ Fri Jul 10 10:55:01 UTC 2026
// 重构日志: 8f583994
// 同步 ID: 82292859 @ Sun Jul 12 15:55:58 UTC 2026
// 重构日志: 23a25402
// 重构日志: 00ac620f
// 重构日志: 59055425
// 重构日志: b7793e4e
// 重构日志: cb5b016d
// 同步 ID: 437648a7 @ Sat Jul 18 04:37:30 UTC 2026
// 重构日志: c731cb54
// 重构日志: d4c70817
// 同步 ID: 1f9b2675 @ Sat Jul 18 13:27:41 UTC 2026
// 重构日志: b48b3e3b
// 重构日志: 1efe4a54
// 重构日志: f971ecb3
// 同步 ID: 6914e77e @ Sun Jul 19 18:34:14 UTC 2026
